#
# There is insufficient memory for the Java Runtime Environment to continue.
# Native memory allocation (malloc) failed to allocate 1734320 bytes for Chunk::new
# Possible reasons:
#   The system is out of physical RAM or swap space
#   The process is running with CompressedOops enabled, and the Java Heap may be blocking the growth of the native heap
# Possible solutions:
#   Reduce memory load on the system
#   Increase physical memory or swap space
#   Check if swap backing store is full
#   Decrease Java heap size (-Xmx/-Xms)
#   Decrease number of Java threads
#   Decrease Java thread stack sizes (-Xss)
#   Set larger code cache with -XX:ReservedCodeCacheSize=
#   JVM is running with Unscaled Compressed Oops mode in which the Java heap is
#     placed in the first 4GB address space. The Java Heap base address is the
#     maximum limit for the native heap growth. Please use -XX:HeapBaseMinAddress
#     to set the Java Heap base and to place the Java Heap above 4GB virtual address.
# This output file may be truncated or incomplete.
#
#  Out of Memory Error (arena.cpp:189), pid=1076, tid=13028
#
# JRE version: OpenJDK Runtime Environment (17.0.6) (build 17.0.6+0-b2043.56-10027231)
# Java VM: OpenJDK 64-Bit Server VM (17.0.6+0-b2043.56-10027231, mixed mode, tiered, compressed oops, compressed class ptrs, g1 gc, windows-amd64)
# No core dump will be written. Minidumps are not enabled by default on client versions of Windows
#

---------------  S U M M A R Y ------------

Command Line: org.jetbrains.kotlin.cli.jvm.K2JVMCompiler @C:\Users\ddal6\OneDrive\Desktop\TWA GRANDPRTTYPE\TWApp\app\build\20231016_18201886128868705043.compiler.options

Host: 11th Gen Intel(R) Core(TM) i5-1135G7 @ 2.40GHz, 8 cores, 7G,  Windows 11 , 64 bit Build 22621 (10.0.22621.2428)
Time: Mon Oct 16 19:06:08 2023 Malay Peninsula Standard Time elapsed time: 6.625298 seconds (0d 0h 0m 6s)

---------------  T H R E A D  ---------------

Current thread (0x000001fa080360d0):  JavaThread "C2 CompilerThread0" daemon [_thread_in_native, id=13028, stack(0x000000e5d3900000,0x000000e5d3a00000)]


Current CompileTask:
C2:   6625 8444       4       org.jetbrains.org.objectweb.asm.ClassReader::readField (667 bytes)

Stack: [0x000000e5d3900000,0x000000e5d3a00000]
Native frames: (J=compiled Java code, j=interpreted, Vv=VM code, C=native code)
V  [jvm.dll+0x683c9a]
V  [jvm.dll+0x8427a4]
V  [jvm.dll+0x843f9e]
V  [jvm.dll+0x844603]
V  [jvm.dll+0x249b75]
V  [jvm.dll+0xabcac]
V  [jvm.dll+0xac27c]
V  [jvm.dll+0x368857]
V  [jvm.dll+0x332f31]
V  [jvm.dll+0x3323da]
V  [jvm.dll+0x21c201]
V  [jvm.dll+0x21b621]
V  [jvm.dll+0x1a4fdd]
V  [jvm.dll+0x22b098]
V  [jvm.dll+0x229159]
V  [jvm.dll+0x7f81ec]
V  [jvm.dll+0x7f274a]
V  [jvm.dll+0x682ad5]
C  [ucrtbase.dll+0x29363]
C  [KERNEL32.DLL+0x1257d]
C  [ntdll.dll+0x5aa78]


---------------  P R O C E S S  ---------------

Threads class SMR info:
_java_thread_list=0x000001fa0a6aa790, length=13, elements={
0x000001fa6da67250, 0x000001fa08013260, 0x000001fa08013e10, 0x000001fa077f8a20,
0x000001fa080596f0, 0x000001fa0805c0b0, 0x000001fa08034ed0, 0x000001fa080360d0,
0x000001fa0803a070, 0x000001fa0803ae70, 0x000001fa081b8010, 0x000001fa081bc790,
0x000001fa0a6aa8c0
}

Java Threads: ( => current thread )
  0x000001fa6da67250 JavaThread "main" [_thread_in_Java, id=17840, stack(0x000000e5d2c00000,0x000000e5d2d00000)]
  0x000001fa08013260 JavaThread "Reference Handler" daemon [_thread_blocked, id=16964, stack(0x000000e5d3300000,0x000000e5d3400000)]
  0x000001fa08013e10 JavaThread "Finalizer" daemon [_thread_blocked, id=19244, stack(0x000000e5d3400000,0x000000e5d3500000)]
  0x000001fa077f8a20 JavaThread "Signal Dispatcher" daemon [_thread_blocked, id=18596, stack(0x000000e5d3500000,0x000000e5d3600000)]
  0x000001fa080596f0 JavaThread "Attach Listener" daemon [_thread_blocked, id=4388, stack(0x000000e5d3600000,0x000000e5d3700000)]
  0x000001fa0805c0b0 JavaThread "Service Thread" daemon [_thread_blocked, id=7084, stack(0x000000e5d3700000,0x000000e5d3800000)]
  0x000001fa08034ed0 JavaThread "Monitor Deflation Thread" daemon [_thread_blocked, id=5992, stack(0x000000e5d3800000,0x000000e5d3900000)]
=>0x000001fa080360d0 JavaThread "C2 CompilerThread0" daemon [_thread_in_native, id=13028, stack(0x000000e5d3900000,0x000000e5d3a00000)]
  0x000001fa0803a070 JavaThread "C1 CompilerThread0" daemon [_thread_in_native, id=15136, stack(0x000000e5d3a00000,0x000000e5d3b00000)]
  0x000001fa0803ae70 JavaThread "Sweeper thread" daemon [_thread_blocked, id=13196, stack(0x000000e5d3b00000,0x000000e5d3c00000)]
  0x000001fa081b8010 JavaThread "Notification Thread" daemon [_thread_blocked, id=9944, stack(0x000000e5d3c00000,0x000000e5d3d00000)]
  0x000001fa081bc790 JavaThread "Common-Cleaner" daemon [_thread_blocked, id=13820, stack(0x000000e5d3e00000,0x000000e5d3f00000)]
  0x000001fa0a6aa8c0 JavaThread "C2 CompilerThread1" daemon [_thread_in_native, id=17236, stack(0x000000e5d3f00000,0x000000e5d4000000)]

Other Threads:
  0x000001fa077d8650 VMThread "VM Thread" [stack: 0x000000e5d3200000,0x000000e5d3300000] [id=11424]
  0x000001fa081b84e0 WatcherThread [stack: 0x000000e5d3d00000,0x000000e5d3e00000] [id=12396]
  0x000001fa6dac18d0 GCTaskThread "GC Thread#0" [stack: 0x000000e5d2d00000,0x000000e5d2e00000] [id=13616]
  0x000001fa08890920 GCTaskThread "GC Thread#1" [stack: 0x000000e5d4000000,0x000000e5d4100000] [id=18704]
  0x000001fa088d02e0 GCTaskThread "GC Thread#2" [stack: 0x000000e5d4100000,0x000000e5d4200000] [id=4252]
  0x000001fa088aabe0 GCTaskThread "GC Thread#3" [stack: 0x000000e5d4200000,0x000000e5d4300000] [id=5112]
  0x000001fa088ab2a0 GCTaskThread "GC Thread#4" [stack: 0x000000e5d4300000,0x000000e5d4400000] [id=19176]
  0x000001fa09bc3ac0 GCTaskThread "GC Thread#5" [stack: 0x000000e5d4400000,0x000000e5d4500000] [id=920]
  0x000001fa09bc27f0 GCTaskThread "GC Thread#6" [stack: 0x000000e5d4500000,0x000000e5d4600000] [id=6644]
  0x000001fa09bc3d70 GCTaskThread "GC Thread#7" [stack: 0x000000e5d4600000,0x000000e5d4700000] [id=1748]
  0x000001fa6dad35e0 ConcurrentGCThread "G1 Main Marker" [stack: 0x000000e5d2e00000,0x000000e5d2f00000] [id=18884]
  0x000001fa6dad4790 ConcurrentGCThread "G1 Conc#0" [stack: 0x000000e5d2f00000,0x000000e5d3000000] [id=17400]
  0x000001fa09bc4020 ConcurrentGCThread "G1 Conc#1" [stack: 0x000000e5d4700000,0x000000e5d4800000] [id=15496]
  0x000001fa076320c0 ConcurrentGCThread "G1 Refine#0" [stack: 0x000000e5d3000000,0x000000e5d3100000] [id=1812]
  0x000001fa07632ae0 ConcurrentGCThread "G1 Service" [stack: 0x000000e5d3100000,0x000000e5d3200000] [id=11236]

Threads with active compile tasks:
C2 CompilerThread0     6642 8444       4       org.jetbrains.org.objectweb.asm.ClassReader::readField (667 bytes)
C1 CompilerThread0     6642 8523       3       org.jetbrains.kotlin.types.TypeWithEnhancementKt::enhanceTypeArguments (179 bytes)
C2 CompilerThread1     6642 8500       4       org.jetbrains.kotlin.parsing.AbstractKotlinParsing::atSet (113 bytes)

VM state: not at safepoint (normal execution)

VM Mutex/Monitor currently owned by a thread: None

Heap address: 0x0000000083200000, size: 1998 MB, Compressed Oops mode: 32-bit

CDS archive(s) not mapped
Compressed class space mapped at: 0x0000000100000000-0x0000000140000000, reserved size: 1073741824
Narrow klass base: 0x0000000000000000, Narrow klass shift: 3, Narrow klass range: 0x140000000

GC Precious Log:
 CPUs: 8 total, 8 available
 Memory: 7991M
 Large Page Support: Disabled
 NUMA Support: Disabled
 Compressed Oops: Enabled (32-bit)
 Heap Region Size: 1M
 Heap Min Capacity: 8M
 Heap Initial Capacity: 126M
 Heap Max Capacity: 1998M
 Pre-touch: Disabled
 Parallel Workers: 8
 Concurrent Workers: 2
 Concurrent Refinement Workers: 8
 Periodic GC: Disabled

Heap:
 garbage-first heap   total 118784K, used 51901K [0x0000000083200000, 0x0000000100000000)
  region size 1024K, 7 young (7168K), 6 survivors (6144K)
 Metaspace       used 63425K, committed 63680K, reserved 1105920K
  class space    used 7465K, committed 7552K, reserved 1048576K

Heap Regions: E=young(eden), S=young(survivor), O=old, HS=humongous(starts), HC=humongous(continues), CS=collection set, F=free, OA=open archive, CA=closed archive, TAMS=top-at-mark-start (previous, next)
|   0|0x0000000083200000, 0x0000000083300000, 0x0000000083300000|100%|HS|  |TAMS 0x0000000083300000, 0x0000000083200000| Complete 
|   1|0x0000000083300000, 0x0000000083400000, 0x0000000083400000|100%|HC|  |TAMS 0x0000000083400000, 0x0000000083300000| Complete 
|   2|0x0000000083400000, 0x0000000083500000, 0x0000000083500000|100%|HC|  |TAMS 0x0000000083500000, 0x0000000083400000| Complete 
|   3|0x0000000083500000, 0x0000000083600000, 0x0000000083600000|100%|HC|  |TAMS 0x0000000083600000, 0x0000000083500000| Complete 
|   4|0x0000000083600000, 0x0000000083700000, 0x0000000083700000|100%| O|  |TAMS 0x0000000083700000, 0x0000000083600000| Untracked 
|   5|0x0000000083700000, 0x0000000083800000, 0x0000000083800000|100%| O|  |TAMS 0x0000000083800000, 0x0000000083700000| Untracked 
|   6|0x0000000083800000, 0x0000000083900000, 0x0000000083900000|100%| O|  |TAMS 0x0000000083900000, 0x0000000083800000| Untracked 
|   7|0x0000000083900000, 0x0000000083a00000, 0x0000000083a00000|100%| O|  |TAMS 0x0000000083a00000, 0x0000000083900000| Untracked 
|   8|0x0000000083a00000, 0x0000000083b00000, 0x0000000083b00000|100%| O|  |TAMS 0x0000000083b00000, 0x0000000083a00000| Untracked 
|   9|0x0000000083b00000, 0x0000000083b00000, 0x0000000083c00000|  0%| F|  |TAMS 0x0000000083b00000, 0x0000000083b00000| Untracked 
|  10|0x0000000083c00000, 0x0000000083d00000, 0x0000000083d00000|100%| O|  |TAMS 0x0000000083d00000, 0x0000000083c00000| Untracked 
|  11|0x0000000083d00000, 0x0000000083e00000, 0x0000000083e00000|100%| O|  |TAMS 0x0000000083e00000, 0x0000000083d00000| Untracked 
|  12|0x0000000083e00000, 0x0000000083f00000, 0x0000000083f00000|100%| O|  |TAMS 0x0000000083f00000, 0x0000000083e00000| Untracked 
|  13|0x0000000083f00000, 0x0000000083ff6e00, 0x0000000084000000| 96%| O|  |TAMS 0x0000000083ff6e00, 0x0000000083f00000| Untracked 
|  14|0x0000000084000000, 0x0000000084100000, 0x0000000084100000|100%| O|  |TAMS 0x0000000084100000, 0x0000000084000000| Untracked 
|  15|0x0000000084100000, 0x0000000084200000, 0x0000000084200000|100%| O|  |TAMS 0x0000000084200000, 0x0000000084100000| Untracked 
|  16|0x0000000084200000, 0x0000000084300000, 0x0000000084300000|100%| O|  |TAMS 0x0000000084300000, 0x0000000084200000| Untracked 
|  17|0x0000000084300000, 0x0000000084400000, 0x0000000084400000|100%| O|  |TAMS 0x0000000084400000, 0x0000000084300000| Untracked 
|  18|0x0000000084400000, 0x0000000084500000, 0x0000000084500000|100%|HS|  |TAMS 0x0000000084500000, 0x0000000084400000| Complete 
|  19|0x0000000084500000, 0x0000000084600000, 0x0000000084600000|100%|HC|  |TAMS 0x0000000084600000, 0x0000000084500000| Complete 
|  20|0x0000000084600000, 0x0000000084700000, 0x0000000084700000|100%| O|  |TAMS 0x0000000084700000, 0x0000000084600000| Untracked 
|  21|0x0000000084700000, 0x0000000084800000, 0x0000000084800000|100%| O|  |TAMS 0x0000000084800000, 0x0000000084700000| Untracked 
|  22|0x0000000084800000, 0x0000000084900000, 0x0000000084900000|100%| O|  |TAMS 0x0000000084900000, 0x0000000084800000| Untracked 
|  23|0x0000000084900000, 0x0000000084a00000, 0x0000000084a00000|100%| O|  |TAMS 0x0000000084a00000, 0x0000000084900000| Untracked 
|  24|0x0000000084a00000, 0x0000000084b00000, 0x0000000084b00000|100%| O|  |TAMS 0x0000000084b00000, 0x0000000084a00000| Untracked 
|  25|0x0000000084b00000, 0x0000000084c00000, 0x0000000084c00000|100%| O|  |TAMS 0x0000000084c00000, 0x0000000084b00000| Untracked 
|  26|0x0000000084c00000, 0x0000000084d00000, 0x0000000084d00000|100%| O|  |TAMS 0x0000000084d00000, 0x0000000084c00000| Untracked 
|  27|0x0000000084d00000, 0x0000000084e00000, 0x0000000084e00000|100%| O|  |TAMS 0x0000000084e00000, 0x0000000084d00000| Untracked 
|  28|0x0000000084e00000, 0x0000000084f00000, 0x0000000084f00000|100%| O|  |TAMS 0x0000000084f00000, 0x0000000084e00000| Untracked 
|  29|0x0000000084f00000, 0x0000000085000000, 0x0000000085000000|100%| O|  |TAMS 0x0000000085000000, 0x0000000084f00000| Untracked 
|  30|0x0000000085000000, 0x0000000085100000, 0x0000000085100000|100%| O|  |TAMS 0x0000000085100000, 0x0000000085000000| Untracked 
|  31|0x0000000085100000, 0x0000000085200000, 0x0000000085200000|100%| O|  |TAMS 0x0000000085200000, 0x0000000085100000| Untracked 
|  32|0x0000000085200000, 0x0000000085300000, 0x0000000085300000|100%| O|  |TAMS 0x0000000085300000, 0x0000000085200000| Untracked 
|  33|0x0000000085300000, 0x0000000085400000, 0x0000000085400000|100%| O|  |TAMS 0x0000000085400000, 0x0000000085300000| Untracked 
|  34|0x0000000085400000, 0x0000000085500000, 0x0000000085500000|100%| O|  |TAMS 0x0000000085500000, 0x0000000085400000| Untracked 
|  35|0x0000000085500000, 0x0000000085600000, 0x0000000085600000|100%| O|  |TAMS 0x0000000085600000, 0x0000000085500000| Untracked 
|  36|0x0000000085600000, 0x0000000085700000, 0x0000000085700000|100%| O|  |TAMS 0x0000000085700000, 0x0000000085600000| Untracked 
|  37|0x0000000085700000, 0x0000000085800000, 0x0000000085800000|100%| O|  |TAMS 0x0000000085755400, 0x0000000085700000| Untracked 
|  38|0x0000000085800000, 0x0000000085900000, 0x0000000085900000|100%| O|  |TAMS 0x0000000085800000, 0x0000000085800000| Untracked 
|  39|0x0000000085900000, 0x0000000085a00000, 0x0000000085a00000|100%| O|  |TAMS 0x0000000085900000, 0x0000000085900000| Untracked 
|  40|0x0000000085a00000, 0x0000000085b00000, 0x0000000085b00000|100%| O|  |TAMS 0x0000000085a00000, 0x0000000085a00000| Untracked 
|  41|0x0000000085b00000, 0x0000000085c00000, 0x0000000085c00000|100%| O|  |TAMS 0x0000000085b00000, 0x0000000085b00000| Untracked 
|  42|0x0000000085c00000, 0x0000000085d00000, 0x0000000085d00000|100%| O|  |TAMS 0x0000000085c00000, 0x0000000085c00000| Untracked 
|  43|0x0000000085d00000, 0x0000000085e00000, 0x0000000085e00000|100%| O|  |TAMS 0x0000000085d00000, 0x0000000085d00000| Untracked 
|  44|0x0000000085e00000, 0x0000000085f00000, 0x0000000085f00000|100%| O|  |TAMS 0x0000000085e00000, 0x0000000085e00000| Untracked 
|  45|0x0000000085f00000, 0x0000000086000000, 0x0000000086000000|100%| O|  |TAMS 0x0000000085f00000, 0x0000000085f00000| Untracked 
|  46|0x0000000086000000, 0x0000000086000000, 0x0000000086100000|  0%| F|  |TAMS 0x0000000086000000, 0x0000000086000000| Untracked 
|  47|0x0000000086100000, 0x0000000086100000, 0x0000000086200000|  0%| F|  |TAMS 0x0000000086100000, 0x0000000086100000| Untracked 
|  48|0x0000000086200000, 0x0000000086200000, 0x0000000086300000|  0%| F|  |TAMS 0x0000000086200000, 0x0000000086200000| Untracked 
|  49|0x0000000086300000, 0x0000000086300000, 0x0000000086400000|  0%| F|  |TAMS 0x0000000086300000, 0x0000000086300000| Untracked 
|  50|0x0000000086400000, 0x0000000086400000, 0x0000000086500000|  0%| F|  |TAMS 0x0000000086400000, 0x0000000086400000| Untracked 
|  51|0x0000000086500000, 0x0000000086500000, 0x0000000086600000|  0%| F|  |TAMS 0x0000000086500000, 0x0000000086500000| Untracked 
|  52|0x0000000086600000, 0x0000000086600000, 0x0000000086700000|  0%| F|  |TAMS 0x0000000086600000, 0x0000000086600000| Untracked 
|  53|0x0000000086700000, 0x0000000086700000, 0x0000000086800000|  0%| F|  |TAMS 0x0000000086700000, 0x0000000086700000| Untracked 
|  54|0x0000000086800000, 0x0000000086800000, 0x0000000086900000|  0%| F|  |TAMS 0x0000000086800000, 0x0000000086800000| Untracked 
|  55|0x0000000086900000, 0x0000000086900000, 0x0000000086a00000|  0%| F|  |TAMS 0x0000000086900000, 0x0000000086900000| Untracked 
|  56|0x0000000086a00000, 0x0000000086a00000, 0x0000000086b00000|  0%| F|  |TAMS 0x0000000086a00000, 0x0000000086a00000| Untracked 
|  57|0x0000000086b00000, 0x0000000086b00000, 0x0000000086c00000|  0%| F|  |TAMS 0x0000000086b00000, 0x0000000086b00000| Untracked 
|  58|0x0000000086c00000, 0x0000000086c00000, 0x0000000086d00000|  0%| F|  |TAMS 0x0000000086c00000, 0x0000000086c00000| Untracked 
|  59|0x0000000086d00000, 0x0000000086d00000, 0x0000000086e00000|  0%| F|  |TAMS 0x0000000086d00000, 0x0000000086d00000| Untracked 
|  60|0x0000000086e00000, 0x0000000086e00000, 0x0000000086f00000|  0%| F|  |TAMS 0x0000000086e00000, 0x0000000086e00000| Untracked 
|  61|0x0000000086f00000, 0x0000000086f00000, 0x0000000087000000|  0%| F|  |TAMS 0x0000000086f00000, 0x0000000086f00000| Untracked 
|  62|0x0000000087000000, 0x0000000087000000, 0x0000000087100000|  0%| F|  |TAMS 0x0000000087000000, 0x0000000087000000| Untracked 
|  63|0x0000000087100000, 0x0000000087100000, 0x0000000087200000|  0%| F|  |TAMS 0x0000000087100000, 0x0000000087100000| Untracked 
|  64|0x0000000087200000, 0x0000000087200000, 0x0000000087300000|  0%| F|  |TAMS 0x0000000087200000, 0x0000000087200000| Untracked 
|  65|0x0000000087300000, 0x0000000087300000, 0x0000000087400000|  0%| F|  |TAMS 0x0000000087300000, 0x0000000087300000| Untracked 
|  66|0x0000000087400000, 0x00000000874b8718, 0x0000000087500000| 72%| S|CS|TAMS 0x0000000087400000, 0x0000000087400000| Complete 
|  67|0x0000000087500000, 0x0000000087600000, 0x0000000087600000|100%| S|CS|TAMS 0x0000000087500000, 0x0000000087500000| Complete 
|  68|0x0000000087600000, 0x0000000087700000, 0x0000000087700000|100%| S|CS|TAMS 0x0000000087600000, 0x0000000087600000| Complete 
|  69|0x0000000087700000, 0x0000000087800000, 0x0000000087800000|100%| S|CS|TAMS 0x0000000087700000, 0x0000000087700000| Complete 
|  70|0x0000000087800000, 0x0000000087900000, 0x0000000087900000|100%| S|CS|TAMS 0x0000000087800000, 0x0000000087800000| Complete 
|  71|0x0000000087900000, 0x0000000087a00000, 0x0000000087a00000|100%| S|CS|TAMS 0x0000000087900000, 0x0000000087900000| Complete 
|  72|0x0000000087a00000, 0x0000000087a00000, 0x0000000087b00000|  0%| F|  |TAMS 0x0000000087a00000, 0x0000000087a00000| Untracked 
|  73|0x0000000087b00000, 0x0000000087b00000, 0x0000000087c00000|  0%| F|  |TAMS 0x0000000087b00000, 0x0000000087b00000| Untracked 
|  74|0x0000000087c00000, 0x0000000087c00000, 0x0000000087d00000|  0%| F|  |TAMS 0x0000000087c00000, 0x0000000087c00000| Untracked 
|  75|0x0000000087d00000, 0x0000000087d00000, 0x0000000087e00000|  0%| F|  |TAMS 0x0000000087d00000, 0x0000000087d00000| Untracked 
|  76|0x0000000087e00000, 0x0000000087e00000, 0x0000000087f00000|  0%| F|  |TAMS 0x0000000087e00000, 0x0000000087e00000| Untracked 
|  77|0x0000000087f00000, 0x0000000087f00000, 0x0000000088000000|  0%| F|  |TAMS 0x0000000087f00000, 0x0000000087f00000| Untracked 
|  78|0x0000000088000000, 0x0000000088000000, 0x0000000088100000|  0%| F|  |TAMS 0x0000000088000000, 0x0000000088000000| Untracked 
|  79|0x0000000088100000, 0x0000000088100000, 0x0000000088200000|  0%| F|  |TAMS 0x0000000088100000, 0x0000000088100000| Untracked 
|  80|0x0000000088200000, 0x0000000088200000, 0x0000000088300000|  0%| F|  |TAMS 0x0000000088200000, 0x0000000088200000| Untracked 
|  81|0x0000000088300000, 0x0000000088300000, 0x0000000088400000|  0%| F|  |TAMS 0x0000000088300000, 0x0000000088300000| Untracked 
|  82|0x0000000088400000, 0x0000000088400000, 0x0000000088500000|  0%| F|  |TAMS 0x0000000088400000, 0x0000000088400000| Untracked 
|  83|0x0000000088500000, 0x0000000088500000, 0x0000000088600000|  0%| F|  |TAMS 0x0000000088500000, 0x0000000088500000| Untracked 
|  84|0x0000000088600000, 0x0000000088600000, 0x0000000088700000|  0%| F|  |TAMS 0x0000000088600000, 0x0000000088600000| Untracked 
|  85|0x0000000088700000, 0x0000000088700000, 0x0000000088800000|  0%| F|  |TAMS 0x0000000088700000, 0x0000000088700000| Untracked 
|  86|0x0000000088800000, 0x0000000088800000, 0x0000000088900000|  0%| F|  |TAMS 0x0000000088800000, 0x0000000088800000| Untracked 
|  87|0x0000000088900000, 0x0000000088900000, 0x0000000088a00000|  0%| F|  |TAMS 0x0000000088900000, 0x0000000088900000| Untracked 
|  88|0x0000000088a00000, 0x0000000088a00000, 0x0000000088b00000|  0%| F|  |TAMS 0x0000000088a00000, 0x0000000088a00000| Untracked 
|  89|0x0000000088b00000, 0x0000000088b00000, 0x0000000088c00000|  0%| F|  |TAMS 0x0000000088b00000, 0x0000000088b00000| Untracked 
|  90|0x0000000088c00000, 0x0000000088c00000, 0x0000000088d00000|  0%| F|  |TAMS 0x0000000088c00000, 0x0000000088c00000| Untracked 
|  91|0x0000000088d00000, 0x0000000088d00000, 0x0000000088e00000|  0%| F|  |TAMS 0x0000000088d00000, 0x0000000088d00000| Untracked 
|  92|0x0000000088e00000, 0x0000000088e00000, 0x0000000088f00000|  0%| F|  |TAMS 0x0000000088e00000, 0x0000000088e00000| Untracked 
|  93|0x0000000088f00000, 0x0000000088f00000, 0x0000000089000000|  0%| F|  |TAMS 0x0000000088f00000, 0x0000000088f00000| Untracked 
|  94|0x0000000089000000, 0x0000000089000000, 0x0000000089100000|  0%| F|  |TAMS 0x0000000089000000, 0x0000000089000000| Untracked 
|  95|0x0000000089100000, 0x0000000089100000, 0x0000000089200000|  0%| F|  |TAMS 0x0000000089100000, 0x0000000089100000| Untracked 
|  96|0x0000000089200000, 0x0000000089200000, 0x0000000089300000|  0%| F|  |TAMS 0x0000000089200000, 0x0000000089200000| Untracked 
|  97|0x0000000089300000, 0x0000000089300000, 0x0000000089400000|  0%| F|  |TAMS 0x0000000089300000, 0x0000000089300000| Untracked 
|  98|0x0000000089400000, 0x0000000089400000, 0x0000000089500000|  0%| F|  |TAMS 0x0000000089400000, 0x0000000089400000| Untracked 
|  99|0x0000000089500000, 0x0000000089500000, 0x0000000089600000|  0%| F|  |TAMS 0x0000000089500000, 0x0000000089500000| Untracked 
| 100|0x0000000089600000, 0x0000000089600000, 0x0000000089700000|  0%| F|  |TAMS 0x0000000089600000, 0x0000000089600000| Untracked 
| 101|0x0000000089700000, 0x0000000089700000, 0x0000000089800000|  0%| F|  |TAMS 0x0000000089700000, 0x0000000089700000| Untracked 
| 102|0x0000000089800000, 0x0000000089800000, 0x0000000089900000|  0%| F|  |TAMS 0x0000000089800000, 0x0000000089800000| Untracked 
| 103|0x0000000089900000, 0x0000000089900000, 0x0000000089a00000|  0%| F|  |TAMS 0x0000000089900000, 0x0000000089900000| Untracked 
| 104|0x0000000089a00000, 0x0000000089a00000, 0x0000000089b00000|  0%| F|  |TAMS 0x0000000089a00000, 0x0000000089a00000| Untracked 
| 105|0x0000000089b00000, 0x0000000089b00000, 0x0000000089c00000|  0%| F|  |TAMS 0x0000000089b00000, 0x0000000089b00000| Untracked 
| 106|0x0000000089c00000, 0x0000000089c00000, 0x0000000089d00000|  0%| F|  |TAMS 0x0000000089c00000, 0x0000000089c00000| Untracked 
| 107|0x0000000089d00000, 0x0000000089d00000, 0x0000000089e00000|  0%| F|  |TAMS 0x0000000089d00000, 0x0000000089d00000| Untracked 
| 108|0x0000000089e00000, 0x0000000089e00000, 0x0000000089f00000|  0%| F|  |TAMS 0x0000000089e00000, 0x0000000089e00000| Untracked 
| 109|0x0000000089f00000, 0x0000000089f00000, 0x000000008a000000|  0%| F|  |TAMS 0x0000000089f00000, 0x0000000089f00000| Untracked 
| 110|0x000000008a000000, 0x000000008a000000, 0x000000008a100000|  0%| F|  |TAMS 0x000000008a000000, 0x000000008a000000| Untracked 
| 111|0x000000008a100000, 0x000000008a100000, 0x000000008a200000|  0%| F|  |TAMS 0x000000008a100000, 0x000000008a100000| Untracked 
| 112|0x000000008a200000, 0x000000008a200000, 0x000000008a300000|  0%| F|  |TAMS 0x000000008a200000, 0x000000008a200000| Untracked 
| 113|0x000000008a300000, 0x000000008a300000, 0x000000008a400000|  0%| F|  |TAMS 0x000000008a300000, 0x000000008a300000| Untracked 
| 114|0x000000008a400000, 0x000000008a400000, 0x000000008a500000|  0%| F|  |TAMS 0x000000008a400000, 0x000000008a400000| Untracked 
| 125|0x000000008af00000, 0x000000008af81258, 0x000000008b000000| 50%| E|  |TAMS 0x000000008af00000, 0x000000008af00000| Complete 

Card table byte_map: [0x000001fa00720000,0x000001fa00b10000] _byte_map_base: 0x000001fa00307000

Marking Bits (Prev, Next): (CMBitMap*) 0x000001fa6dac3330, (CMBitMap*) 0x000001fa6dac32f0
 Prev Bits: [0x000001fa02e40000, 0x000001fa04d78000)
 Next Bits: [0x000001fa00f00000, 0x000001fa02e38000)

Polling page: 0x000001fa6b9d0000

Metaspace:

Usage:
  Non-class:     54.65 MB used.
      Class:      7.29 MB used.
       Both:     61.94 MB used.

Virtual space:
  Non-class space:       56.00 MB reserved,      54.81 MB ( 98%) committed,  7 nodes.
      Class space:        1.00 GB reserved,       7.38 MB ( <1%) committed,  1 nodes.
             Both:        1.05 GB reserved,      62.19 MB (  6%) committed. 

Chunk freelists:
   Non-Class:  1.16 MB
       Class:  590.00 KB
        Both:  1.73 MB

MaxMetaspaceSize: unlimited
CompressedClassSpaceSize: 1.00 GB
Initial GC threshold: 21.00 MB
Current GC threshold: 91.50 MB
CDS: off
MetaspaceReclaimPolicy: balanced
 - commit_granule_bytes: 65536.
 - commit_granule_words: 8192.
 - virtual_space_node_default_size: 1048576.
 - enlarge_chunks_in_place: 1.
 - new_chunks_are_fully_committed: 0.
 - uncommit_free_chunks: 1.
 - use_allocation_guard: 0.
 - handle_deallocations: 1.


Internal statistics:

num_allocs_failed_limit: 6.
num_arena_births: 292.
num_arena_deaths: 0.
num_vsnodes_births: 8.
num_vsnodes_deaths: 0.
num_space_committed: 993.
num_space_uncommitted: 0.
num_chunks_returned_to_freelist: 6.
num_chunks_taken_from_freelist: 2298.
num_chunk_merges: 6.
num_chunk_splits: 1849.
num_chunks_enlarged: 1628.
num_purges: 0.
num_inconsistent_stats: 0.

CodeHeap 'non-profiled nmethods': size=120000Kb used=3400Kb max_used=3400Kb free=116599Kb
 bounds [0x000001fa78a00000, 0x000001fa78d60000, 0x000001fa7ff30000]
CodeHeap 'profiled nmethods': size=120000Kb used=18628Kb max_used=18628Kb free=101372Kb
 bounds [0x000001fa70f30000, 0x000001fa72170000, 0x000001fa78460000]
CodeHeap 'non-nmethods': size=5760Kb used=1303Kb max_used=1370Kb free=4456Kb
 bounds [0x000001fa78460000, 0x000001fa786d0000, 0x000001fa78a00000]
 total_blobs=8039 nmethods=7434 adapters=515
 compilation: enabled
              stopped_count=0, restarted_count=0
 full_count=0

Compilation events (20 events):
Event: 6.595 Thread 0x000001fa0803a070 8490       3       org.jetbrains.kotlin.resolve.calls.util.ResolvedCallUtilKt::getImplicitReceivers (133 bytes)
Event: 6.597 Thread 0x000001fa0803a070 nmethod 8490 0x000001fa72135510 code [0x000001fa72135920, 0x000001fa72137948]
Event: 6.597 Thread 0x000001fa0803a070 8491       3       org.jetbrains.kotlin.resolve.checkers.MissingDependencyClassChecker::check (160 bytes)
Event: 6.598 Thread 0x000001fa0803a070 nmethod 8491 0x000001fa72138190 code [0x000001fa72138580, 0x000001fa7213a058]
Event: 6.598 Thread 0x000001fa0803a070 8492       1       org.jetbrains.kotlin.resolve.ModifiersChecker::access$000 (5 bytes)
Event: 6.598 Thread 0x000001fa0803a070 nmethod 8492 0x000001fa78d51c10 code [0x000001fa78d51da0, 0x000001fa78d51e58]
Event: 6.598 Thread 0x000001fa0803a070 8505       3       org.jetbrains.kotlin.resolve.calls.tower.ExplicitReceiverScopeTowerProcessor::<init> (47 bytes)
Event: 6.600 Thread 0x000001fa0803a070 nmethod 8505 0x000001fa7213a890 code [0x000001fa7213aca0, 0x000001fa7213c6b8]
Event: 6.600 Thread 0x000001fa0803a070 8506       3       org.jetbrains.kotlin.resolve.scopes.ChainedMemberScope$Companion::create (106 bytes)
Event: 6.622 Thread 0x000001fa0803a070 nmethod 8506 0x000001fa7213cf90 code [0x000001fa7213d460, 0x000001fa7213f7b8]
Event: 6.622 Thread 0x000001fa0803a070 8509       3       org.jetbrains.kotlin.types.AbstractTypeApproximator::argumentsCount (18 bytes)
Event: 6.622 Thread 0x000001fa0803a070 nmethod 8509 0x000001fa72140390 code [0x000001fa721405a0, 0x000001fa72140c08]
Event: 6.622 Thread 0x000001fa0803a070 8508       3       org.jetbrains.kotlin.psi.psiUtil.PsiUtilsKt::getParentsWithSelf (17 bytes)
Event: 6.622 Thread 0x000001fa0803a070 nmethod 8508 0x000001fa72140e90 code [0x000001fa721410a0, 0x000001fa72141648]
Event: 6.622 Thread 0x000001fa0803a070 8507       3       org.jetbrains.kotlin.resolve.scopes.ChainedMemberScope$Companion::createOrSingle$descriptors (100 bytes)
Event: 6.623 Thread 0x000001fa0803a070 nmethod 8507 0x000001fa72141890 code [0x000001fa72141ba0, 0x000001fa72142ee8]
Event: 6.623 Thread 0x000001fa0803a070 8510       3       jdk.internal.misc.InnocuousThread::eraseThreadLocals (23 bytes)
Event: 6.623 Thread 0x000001fa0803a070 nmethod 8510 0x000001fa72143490 code [0x000001fa72143620, 0x000001fa72143818]
Event: 6.623 Thread 0x000001fa0803a070 8511       3       java.lang.invoke.MethodHandleNatives$CallSiteContext::run (5 bytes)
Event: 6.623 Thread 0x000001fa0803a070 nmethod 8511 0x000001fa71ccca90 code [0x000001fa71cccc20, 0x000001fa71cccd48]

GC Heap History (20 events):
Event: 2.358 GC heap before
{Heap before GC invocations=9 (full 0):
 garbage-first heap   total 68608K, used 51471K [0x0000000083200000, 0x0000000100000000)
  region size 1024K, 34 young (34816K), 2 survivors (2048K)
 Metaspace       used 43332K, committed 43584K, reserved 1089536K
  class space    used 5261K, committed 5376K, reserved 1048576K
}
Event: 2.364 GC heap after
{Heap after GC invocations=10 (full 0):
 garbage-first heap   total 68608K, used 21455K [0x0000000083200000, 0x0000000100000000)
  region size 1024K, 4 young (4096K), 4 survivors (4096K)
 Metaspace       used 43332K, committed 43584K, reserved 1089536K
  class space    used 5261K, committed 5376K, reserved 1048576K
}
Event: 2.776 GC heap before
{Heap before GC invocations=10 (full 0):
 garbage-first heap   total 68608K, used 54223K [0x0000000083200000, 0x0000000100000000)
  region size 1024K, 33 young (33792K), 4 survivors (4096K)
 Metaspace       used 47604K, committed 47808K, reserved 1097728K
  class space    used 5782K, committed 5888K, reserved 1048576K
}
Event: 2.785 GC heap after
{Heap after GC invocations=11 (full 0):
 garbage-first heap   total 68608K, used 28564K [0x0000000083200000, 0x0000000100000000)
  region size 1024K, 5 young (5120K), 5 survivors (5120K)
 Metaspace       used 47604K, committed 47808K, reserved 1097728K
  class space    used 5782K, committed 5888K, reserved 1048576K
}
Event: 2.964 GC heap before
{Heap before GC invocations=11 (full 0):
 garbage-first heap   total 68608K, used 51092K [0x0000000083200000, 0x0000000100000000)
  region size 1024K, 27 young (27648K), 5 survivors (5120K)
 Metaspace       used 49050K, committed 49280K, reserved 1097728K
  class space    used 5928K, committed 6016K, reserved 1048576K
}
Event: 2.970 GC heap after
{Heap after GC invocations=12 (full 0):
 garbage-first heap   total 68608K, used 29550K [0x0000000083200000, 0x0000000100000000)
  region size 1024K, 2 young (2048K), 2 survivors (2048K)
 Metaspace       used 49050K, committed 49280K, reserved 1097728K
  class space    used 5928K, committed 6016K, reserved 1048576K
}
Event: 3.267 GC heap before
{Heap before GC invocations=12 (full 0):
 garbage-first heap   total 68608K, used 52078K [0x0000000083200000, 0x0000000100000000)
  region size 1024K, 24 young (24576K), 2 survivors (2048K)
 Metaspace       used 50507K, committed 50688K, reserved 1097728K
  class space    used 6050K, committed 6144K, reserved 1048576K
}
Event: 3.279 GC heap after
{Heap after GC invocations=13 (full 0):
 garbage-first heap   total 82944K, used 32731K [0x0000000083200000, 0x0000000100000000)
  region size 1024K, 3 young (3072K), 3 survivors (3072K)
 Metaspace       used 50507K, committed 50688K, reserved 1097728K
  class space    used 6050K, committed 6144K, reserved 1048576K
}
Event: 3.881 GC heap before
{Heap before GC invocations=13 (full 0):
 garbage-first heap   total 82944K, used 62427K [0x0000000083200000, 0x0000000100000000)
  region size 1024K, 32 young (32768K), 3 survivors (3072K)
 Metaspace       used 54357K, committed 54592K, reserved 1097728K
  class space    used 6441K, committed 6528K, reserved 1048576K
}
Event: 3.895 GC heap after
{Heap after GC invocations=14 (full 0):
 garbage-first heap   total 82944K, used 37851K [0x0000000083200000, 0x0000000100000000)
  region size 1024K, 4 young (4096K), 4 survivors (4096K)
 Metaspace       used 54357K, committed 54592K, reserved 1097728K
  class space    used 6441K, committed 6528K, reserved 1048576K
}
Event: 4.172 GC heap before
{Heap before GC invocations=14 (full 0):
 garbage-first heap   total 82944K, used 62427K [0x0000000083200000, 0x0000000100000000)
  region size 1024K, 28 young (28672K), 4 survivors (4096K)
 Metaspace       used 54719K, committed 54912K, reserved 1097728K
  class space    used 6451K, committed 6528K, reserved 1048576K
}
Event: 4.187 GC heap after
{Heap after GC invocations=15 (full 0):
 garbage-first heap   total 82944K, used 42288K [0x0000000083200000, 0x0000000100000000)
  region size 1024K, 4 young (4096K), 4 survivors (4096K)
 Metaspace       used 54719K, committed 54912K, reserved 1097728K
  class space    used 6451K, committed 6528K, reserved 1048576K
}
Event: 4.380 GC heap before
{Heap before GC invocations=15 (full 0):
 garbage-first heap   total 82944K, used 61744K [0x0000000083200000, 0x0000000100000000)
  region size 1024K, 24 young (24576K), 4 survivors (4096K)
 Metaspace       used 55727K, committed 55936K, reserved 1105920K
  class space    used 6562K, committed 6656K, reserved 1048576K
}
Event: 4.393 GC heap after
{Heap after GC invocations=16 (full 0):
 garbage-first heap   total 82944K, used 45815K [0x0000000083200000, 0x0000000100000000)
  region size 1024K, 3 young (3072K), 3 survivors (3072K)
 Metaspace       used 55727K, committed 55936K, reserved 1105920K
  class space    used 6562K, committed 6656K, reserved 1048576K
}
Event: 4.682 GC heap before
{Heap before GC invocations=17 (full 0):
 garbage-first heap   total 86016K, used 64247K [0x0000000083200000, 0x0000000100000000)
  region size 1024K, 21 young (21504K), 3 survivors (3072K)
 Metaspace       used 57310K, committed 57536K, reserved 1105920K
  class space    used 6783K, committed 6912K, reserved 1048576K
}
Event: 4.692 GC heap after
{Heap after GC invocations=18 (full 0):
 garbage-first heap   total 86016K, used 47137K [0x0000000083200000, 0x0000000100000000)
  region size 1024K, 2 young (2048K), 2 survivors (2048K)
 Metaspace       used 57310K, committed 57536K, reserved 1105920K
  class space    used 6783K, committed 6912K, reserved 1048576K
}
Event: 4.759 GC heap before
{Heap before GC invocations=18 (full 0):
 garbage-first heap   total 86016K, used 49185K [0x0000000083200000, 0x0000000100000000)
  region size 1024K, 4 young (4096K), 2 survivors (2048K)
 Metaspace       used 57493K, committed 57728K, reserved 1105920K
  class space    used 6799K, committed 6912K, reserved 1048576K
}
Event: 4.763 GC heap after
{Heap after GC invocations=19 (full 0):
 garbage-first heap   total 118784K, used 46618K [0x0000000083200000, 0x0000000100000000)
  region size 1024K, 1 young (1024K), 1 survivors (1024K)
 Metaspace       used 57493K, committed 57728K, reserved 1105920K
  class space    used 6799K, committed 6912K, reserved 1048576K
}
Event: 6.602 GC heap before
{Heap before GC invocations=19 (full 0):
 garbage-first heap   total 118784K, used 90650K [0x0000000083200000, 0x0000000100000000)
  region size 1024K, 44 young (45056K), 1 survivors (1024K)
 Metaspace       used 63403K, committed 63680K, reserved 1105920K
  class space    used 7465K, committed 7552K, reserved 1048576K
}
Event: 6.621 GC heap after
{Heap after GC invocations=20 (full 0):
 garbage-first heap   total 118784K, used 51901K [0x0000000083200000, 0x0000000100000000)
  region size 1024K, 6 young (6144K), 6 survivors (6144K)
 Metaspace       used 63403K, committed 63680K, reserved 1105920K
  class space    used 7465K, committed 7552K, reserved 1048576K
}

Dll operation events (2 events):
Event: 0.008 Loaded shared library C:\Program Files\Android\Android Studio\jbr\bin\java.dll
Event: 1.202 Loaded shared library C:\Program Files\Android\Android Studio\jbr\bin\verify.dll

Deoptimization events (20 events):
Event: 6.165 Thread 0x000001fa6da67250 Uncommon trap: trap_request=0xffffffc6 fr.pc=0x000001fa78d1da60 relative=0x00000000000000c0
Event: 6.165 Thread 0x000001fa6da67250 Uncommon trap: reason=bimorphic_or_optimized_type_check action=maybe_recompile pc=0x000001fa78d1da60 method=org.jetbrains.kotlin.resolve.calls.components.candidate.ResolutionCandidate.getResolutionSequence()Ljava/util/List; @ 7 c2
Event: 6.165 Thread 0x000001fa6da67250 DEOPT PACKING pc=0x000001fa78d1da60 sp=0x000000e5d2cf8d50
Event: 6.165 Thread 0x000001fa6da67250 DEOPT UNPACKING pc=0x000001fa784ba1a3 sp=0x000000e5d2cf8cd8 mode 2
Event: 6.165 Thread 0x000001fa6da67250 Uncommon trap: trap_request=0xffffffc6 fr.pc=0x000001fa78d1da60 relative=0x00000000000000c0
Event: 6.165 Thread 0x000001fa6da67250 Uncommon trap: reason=bimorphic_or_optimized_type_check action=maybe_recompile pc=0x000001fa78d1da60 method=org.jetbrains.kotlin.resolve.calls.components.candidate.ResolutionCandidate.getResolutionSequence()Ljava/util/List; @ 7 c2
Event: 6.165 Thread 0x000001fa6da67250 DEOPT PACKING pc=0x000001fa78d1da60 sp=0x000000e5d2cf8d50
Event: 6.165 Thread 0x000001fa6da67250 DEOPT UNPACKING pc=0x000001fa784ba1a3 sp=0x000000e5d2cf8cd8 mode 2
Event: 6.165 Thread 0x000001fa6da67250 Uncommon trap: trap_request=0xffffffc6 fr.pc=0x000001fa78d1da60 relative=0x00000000000000c0
Event: 6.165 Thread 0x000001fa6da67250 Uncommon trap: reason=bimorphic_or_optimized_type_check action=maybe_recompile pc=0x000001fa78d1da60 method=org.jetbrains.kotlin.resolve.calls.components.candidate.ResolutionCandidate.getResolutionSequence()Ljava/util/List; @ 7 c2
Event: 6.165 Thread 0x000001fa6da67250 DEOPT PACKING pc=0x000001fa78d1da60 sp=0x000000e5d2cf8d50
Event: 6.165 Thread 0x000001fa6da67250 DEOPT UNPACKING pc=0x000001fa784ba1a3 sp=0x000000e5d2cf8cd8 mode 2
Event: 6.290 Thread 0x000001fa6da67250 Uncommon trap: trap_request=0xfffffff4 fr.pc=0x000001fa78ad3b74 relative=0x00000000000002b4
Event: 6.290 Thread 0x000001fa6da67250 Uncommon trap: reason=null_check action=make_not_entrant pc=0x000001fa78ad3b74 method=org.jetbrains.kotlin.cli.jvm.compiler.CliBindingTrace.get(Lorg/jetbrains/kotlin/util/slicedMap/ReadOnlySlice;Ljava/lang/Object;)Ljava/lang/Object; @ 18 c2
Event: 6.290 Thread 0x000001fa6da67250 DEOPT PACKING pc=0x000001fa78ad3b74 sp=0x000000e5d2cfc740
Event: 6.290 Thread 0x000001fa6da67250 DEOPT UNPACKING pc=0x000001fa784ba1a3 sp=0x000000e5d2cfc670 mode 2
Event: 6.505 Thread 0x000001fa6da67250 Uncommon trap: trap_request=0xffffffde fr.pc=0x000001fa78ca5040 relative=0x00000000000008e0
Event: 6.505 Thread 0x000001fa6da67250 Uncommon trap: reason=class_check action=maybe_recompile pc=0x000001fa78ca5040 method=kotlin.collections.CollectionsKt__MutableCollectionsKt.addAll(Ljava/util/Collection;Ljava/lang/Iterable;)Z @ 49 c2
Event: 6.505 Thread 0x000001fa6da67250 DEOPT PACKING pc=0x000001fa78ca5040 sp=0x000000e5d2cf7a00
Event: 6.505 Thread 0x000001fa6da67250 DEOPT UNPACKING pc=0x000001fa784ba1a3 sp=0x000000e5d2cf79f8 mode 2

Classes unloaded (0 events):
No events

Classes redefined (0 events):
No events

Internal exceptions (20 events):
Event: 3.557 Thread 0x000001fa6da67250 Exception <a 'java/lang/NoSuchMethodError'{0x00000000877eab20}: 'java.lang.Object java.lang.invoke.DirectMethodHandle$Holder.invokeStaticInit(java.lang.Object, java.lang.Object, java.lang.Object)'> (0x00000000877eab20) 
thrown [s\src\hotspot\share\interpreter\linkResolver.cpp, line 771]
Event: 3.563 Thread 0x000001fa6da67250 Exception <a 'java/lang/NoSuchMethodError'{0x0000000087631828}: 'java.lang.Object java.lang.invoke.DirectMethodHandle$Holder.newInvokeSpecial(java.lang.Object, int, java.lang.Object)'> (0x0000000087631828) 
thrown [s\src\hotspot\share\interpreter\linkResolver.cpp, line 771]
Event: 3.564 Thread 0x000001fa6da67250 Exception <a 'java/lang/NoSuchMethodError'{0x0000000087637c88}: 'int java.lang.invoke.DirectMethodHandle$Holder.invokeInterface(java.lang.Object, java.lang.Object)'> (0x0000000087637c88) 
thrown [s\src\hotspot\share\interpreter\linkResolver.cpp, line 771]
Event: 4.373 Thread 0x000001fa6da67250 Implicit null exception at 0x000001fa78b47ecc to 0x000001fa78b47fa8
Event: 4.373 Thread 0x000001fa6da67250 Implicit null exception at 0x000001fa78b05c89 to 0x000001fa78b05d70
Event: 4.373 Thread 0x000001fa6da67250 Implicit null exception at 0x000001fa78a66858 to 0x000001fa78a668ea
Event: 4.379 Thread 0x000001fa6da67250 Implicit null exception at 0x000001fa78a5d70f to 0x000001fa78a5d785
Event: 4.541 Thread 0x000001fa6da67250 Exception <a 'java/lang/NoSuchMethodError'{0x00000000879c7010}: 'int java.lang.invoke.DirectMethodHandle$Holder.invokeStaticInit(java.lang.Object, int)'> (0x00000000879c7010) 
thrown [s\src\hotspot\share\interpreter\linkResolver.cpp, line 771]
Event: 4.934 Thread 0x000001fa6da67250 Exception <a 'java/lang/NoSuchMethodError'{0x000000008a12a568}: 'java.lang.Object java.lang.invoke.DirectMethodHandle$Holder.invokeInterface(java.lang.Object, java.lang.Object, java.lang.Object)'> (0x000000008a12a568) 
thrown [s\src\hotspot\share\interpreter\linkResolver.cpp, line 771]
Event: 4.934 Thread 0x000001fa6da67250 Exception <a 'java/lang/IncompatibleClassChangeError'{0x000000008a12e180}: Found class java.lang.Object, but interface was expected> (0x000000008a12e180) 
thrown [s\src\hotspot\share\interpreter\linkResolver.cpp, line 838]
Event: 5.040 Thread 0x000001fa6da67250 Exception <a 'java/lang/NoSuchMethodError'{0x0000000089ca1790}: 'java.lang.Object java.lang.invoke.DirectMethodHandle$Holder.newInvokeSpecial(java.lang.Object, java.lang.Object, java.lang.Object, java.lang.Object, java.lang.Object, java.lang.Object, java.lang.Object)'> (0x0000000089ca1790) 
thrown [s\src\hotspot\share\interpreter\linkResolver.cpp, line 771]
Event: 5.040 Thread 0x000001fa6da67250 Exception <a 'java/lang/NoSuchMethodError'{0x0000000089ca6898}: 'java.lang.Object java.lang.invoke.Invokers$Holder.linkToTargetMethod(java.lang.Object, java.lang.Object, java.lang.Object, java.lang.Object, java.lang.Object, java.lang.Object, java.lang.Object)'> (0x0000000089ca6898) 
thrown [s\src\hotspot\share\interpreter\linkResolver.cpp, line 771]
Event: 5.200 Thread 0x000001fa6da67250 Exception <a 'java/lang/NoSuchMethodError'{0x0000000089822968}: 'java.lang.Object java.lang.invoke.DirectMethodHandle$Holder.invokeStatic(java.lang.Object, int, java.lang.Object)'> (0x0000000089822968) 
thrown [s\src\hotspot\share\interpreter\linkResolver.cpp, line 771]
Event: 5.429 Thread 0x000001fa6da67250 Exception <a 'java/lang/NoSuchMethodError'{0x00000000892cf110}: 'java.lang.Object java.lang.invoke.DirectMethodHandle$Holder.invokeStatic(java.lang.Object, java.lang.Object, java.lang.Object, java.lang.Object, int)'> (0x00000000892cf110) 
thrown [s\src\hotspot\share\interpreter\linkResolver.cpp, line 771]
Event: 5.430 Thread 0x000001fa6da67250 Exception <a 'java/lang/NoSuchMethodError'{0x00000000892d8df8}: 'java.lang.Object java.lang.invoke.DirectMethodHandle$Holder.newInvokeSpecial(java.lang.Object, java.lang.Object, java.lang.Object, java.lang.Object, int)'> (0x00000000892d8df8) 
thrown [s\src\hotspot\share\interpreter\linkResolver.cpp, line 771]
Event: 5.430 Thread 0x000001fa6da67250 Exception <a 'java/lang/NoSuchMethodError'{0x00000000892e0ec8}: 'java.lang.Object java.lang.invoke.Invokers$Holder.linkToTargetMethod(java.lang.Object, java.lang.Object, java.lang.Object, int, java.lang.Object)'> (0x00000000892e0ec8) 
thrown [s\src\hotspot\share\interpreter\linkResolver.cpp, line 771]
Event: 5.485 Thread 0x000001fa6da67250 Exception <a 'java/lang/NoSuchMethodError'{0x0000000089088610}: 'void java.lang.invoke.DirectMethodHandle$Holder.invokeInterface(java.lang.Object, java.lang.Object)'> (0x0000000089088610) 
thrown [s\src\hotspot\share\interpreter\linkResolver.cpp, line 771]
Event: 5.558 Thread 0x000001fa6da67250 Exception <a 'java/lang/IncompatibleClassChangeError'{0x0000000088e864c8}: Found class java.lang.Object, but interface was expected> (0x0000000088e864c8) 
thrown [s\src\hotspot\share\interpreter\linkResolver.cpp, line 838]
Event: 5.992 Thread 0x000001fa6da67250 Exception <a 'java/lang/NoSuchMethodError'{0x000000008854aa50}: 'java.lang.Object java.lang.invoke.DirectMethodHandle$Holder.newInvokeSpecial(java.lang.Object, int, java.lang.Object, java.lang.Object)'> (0x000000008854aa50) 
thrown [s\src\hotspot\share\interpreter\linkResolver.cpp, line 771]
Event: 6.290 Thread 0x000001fa6da67250 Implicit null exception at 0x000001fa78ad395d to 0x000001fa78ad3b64

VM Operations (20 events):
Event: 5.823 Executing VM operation: ICBufferFull
Event: 5.823 Executing VM operation: ICBufferFull done
Event: 6.032 Executing VM operation: ICBufferFull
Event: 6.032 Executing VM operation: ICBufferFull done
Event: 6.163 Executing VM operation: HandshakeAllThreads
Event: 6.163 Executing VM operation: HandshakeAllThreads done
Event: 6.167 Executing VM operation: HandshakeAllThreads
Event: 6.167 Executing VM operation: HandshakeAllThreads done
Event: 6.170 Executing VM operation: ICBufferFull
Event: 6.170 Executing VM operation: ICBufferFull done
Event: 6.319 Executing VM operation: ICBufferFull
Event: 6.320 Executing VM operation: ICBufferFull done
Event: 6.395 Executing VM operation: HandshakeAllThreads
Event: 6.395 Executing VM operation: HandshakeAllThreads done
Event: 6.443 Executing VM operation: ICBufferFull
Event: 6.443 Executing VM operation: ICBufferFull done
Event: 6.548 Executing VM operation: ICBufferFull
Event: 6.548 Executing VM operation: ICBufferFull done
Event: 6.602 Executing VM operation: G1CollectForAllocation
Event: 6.622 Executing VM operation: G1CollectForAllocation done

Events (20 events):
Event: 5.490 loading class java/util/stream/Node$OfPrimitive
Event: 5.490 loading class java/util/stream/Node$OfPrimitive done
Event: 5.490 loading class java/util/stream/Node$OfInt done
Event: 5.490 loading class java/util/stream/Nodes$EmptyNode$OfInt done
Event: 5.490 loading class java/util/stream/Nodes$EmptyNode$OfLong
Event: 5.490 loading class java/util/stream/Node$OfLong
Event: 5.490 loading class java/util/stream/Node$OfLong done
Event: 5.490 loading class java/util/stream/Nodes$EmptyNode$OfLong done
Event: 5.490 loading class java/util/stream/Nodes$EmptyNode$OfDouble
Event: 5.490 loading class java/util/stream/Node$OfDouble
Event: 5.490 loading class java/util/stream/Node$OfDouble done
Event: 5.490 loading class java/util/stream/Nodes$EmptyNode$OfDouble done
Event: 5.490 loading class java/util/stream/Nodes$SpinedNodeBuilder
Event: 5.491 loading class java/util/stream/Node$Builder
Event: 5.491 loading class java/util/stream/Node$Builder done
Event: 5.491 loading class java/util/stream/SpinedBuffer
Event: 5.491 loading class java/util/stream/AbstractSpinedBuffer
Event: 5.491 loading class java/util/stream/AbstractSpinedBuffer done
Event: 5.491 loading class java/util/stream/SpinedBuffer done
Event: 5.491 loading class java/util/stream/Nodes$SpinedNodeBuilder done


Dynamic libraries:
0x00007ff7c35d0000 - 0x00007ff7c35da000 	C:\Program Files\Android\Android Studio\jbr\bin\java.exe
0x00007ff969a10000 - 0x00007ff969c27000 	C:\WINDOWS\SYSTEM32\ntdll.dll
0x00007ff968590000 - 0x00007ff968654000 	C:\WINDOWS\System32\KERNEL32.DLL
0x00007ff9670b0000 - 0x00007ff967456000 	C:\WINDOWS\System32\KERNELBASE.dll
0x00007ff967460000 - 0x00007ff967571000 	C:\WINDOWS\System32\ucrtbase.dll
0x00007ff950810000 - 0x00007ff95082b000 	C:\Program Files\Android\Android Studio\jbr\bin\VCRUNTIME140.dll
0x00007ff8a51d0000 - 0x00007ff8a51e7000 	C:\Program Files\Android\Android Studio\jbr\bin\jli.dll
0x00007ff9693d0000 - 0x00007ff96957d000 	C:\WINDOWS\System32\USER32.dll
0x00007ff966070000 - 0x00007ff966303000 	C:\WINDOWS\WinSxS\amd64_microsoft.windows.common-controls_6595b64144ccf1df_6.0.22621.2361_none_2712ced57382f843\COMCTL32.dll
0x00007ff969920000 - 0x00007ff9699c7000 	C:\WINDOWS\System32\msvcrt.dll
0x00007ff966e00000 - 0x00007ff966e26000 	C:\WINDOWS\System32\win32u.dll
0x00007ff968b30000 - 0x00007ff968b59000 	C:\WINDOWS\System32\GDI32.dll
0x00007ff966e30000 - 0x00007ff966f48000 	C:\WINDOWS\System32\gdi32full.dll
0x00007ff967010000 - 0x00007ff9670aa000 	C:\WINDOWS\System32\msvcp_win.dll
0x00007ff968710000 - 0x00007ff968741000 	C:\WINDOWS\System32\IMM32.DLL
0x00007ff950c00000 - 0x00007ff950c0c000 	C:\Program Files\Android\Android Studio\jbr\bin\vcruntime140_1.dll
0x00007ff94fe70000 - 0x00007ff94fefd000 	C:\Program Files\Android\Android Studio\jbr\bin\msvcp140.dll
0x00007ff8a62d0000 - 0x00007ff8a6f3e000 	C:\Program Files\Android\Android Studio\jbr\bin\server\jvm.dll
0x00007ff968440000 - 0x00007ff9684f0000 	C:\WINDOWS\System32\ADVAPI32.dll
0x00007ff968010000 - 0x00007ff9680b6000 	C:\WINDOWS\System32\sechost.dll
0x00007ff969580000 - 0x00007ff969697000 	C:\WINDOWS\System32\RPCRT4.dll
0x00007ff9635a0000 - 0x00007ff9635d4000 	C:\WINDOWS\SYSTEM32\WINMM.dll
0x00007ff8dde00000 - 0x00007ff8dde09000 	C:\WINDOWS\SYSTEM32\WSOCK32.dll
0x00007ff963930000 - 0x00007ff96393a000 	C:\WINDOWS\SYSTEM32\VERSION.dll
0x00007ff9697a0000 - 0x00007ff969811000 	C:\WINDOWS\System32\WS2_32.dll
0x00007ff964fa0000 - 0x00007ff964fb8000 	C:\WINDOWS\SYSTEM32\kernel.appcore.dll
0x00007ff8dddf0000 - 0x00007ff8dddfa000 	C:\Program Files\Android\Android Studio\jbr\bin\jimage.dll
0x00007ff966780000 - 0x00007ff9669ae000 	C:\WINDOWS\SYSTEM32\DBGHELP.DLL
0x00007ff9687a0000 - 0x00007ff968b2a000 	C:\WINDOWS\System32\combase.dll
0x00007ff9696b0000 - 0x00007ff969787000 	C:\WINDOWS\System32\OLEAUT32.dll
0x00007ff966550000 - 0x00007ff966582000 	C:\WINDOWS\SYSTEM32\dbgcore.DLL
0x00007ff9676f0000 - 0x00007ff96776a000 	C:\WINDOWS\System32\bcryptPrimitives.dll
0x00007ff8bbfe0000 - 0x00007ff8bc005000 	C:\Program Files\Android\Android Studio\jbr\bin\java.dll
0x00007ff8bbfc0000 - 0x00007ff8bbfd8000 	C:\Program Files\Android\Android Studio\jbr\bin\zip.dll
0x00007ff968b60000 - 0x00007ff9693b8000 	C:\WINDOWS\System32\SHELL32.dll
0x00007ff963df0000 - 0x00007ff9646e2000 	C:\WINDOWS\SYSTEM32\windows.storage.dll
0x00007ff963cb0000 - 0x00007ff963dee000 	C:\WINDOWS\SYSTEM32\wintypes.dll
0x00007ff967770000 - 0x00007ff967863000 	C:\WINDOWS\System32\SHCORE.dll
0x00007ff967870000 - 0x00007ff9678ce000 	C:\WINDOWS\System32\shlwapi.dll
0x00007ff966cc0000 - 0x00007ff966ce6000 	C:\WINDOWS\SYSTEM32\profapi.dll
0x00007ff8adad0000 - 0x00007ff8adae9000 	C:\Program Files\Android\Android Studio\jbr\bin\net.dll
0x00007ff960a90000 - 0x00007ff960bc7000 	C:\WINDOWS\SYSTEM32\WINHTTP.dll
0x00007ff965420000 - 0x00007ff965489000 	C:\WINDOWS\system32\mswsock.dll
0x00007ff8adab0000 - 0x00007ff8adac6000 	C:\Program Files\Android\Android Studio\jbr\bin\nio.dll
0x00007ff8bc0a0000 - 0x00007ff8bc0b0000 	C:\Program Files\Android\Android Studio\jbr\bin\verify.dll

dbghelp: loaded successfully - version: 4.0.5 - missing functions: none
symbol engine: initialized successfully - sym options: 0x614 - pdb path: .;C:\Program Files\Android\Android Studio\jbr\bin;C:\WINDOWS\SYSTEM32;C:\WINDOWS\WinSxS\amd64_microsoft.windows.common-controls_6595b64144ccf1df_6.0.22621.2361_none_2712ced57382f843;C:\Program Files\Android\Android Studio\jbr\bin\server

VM Arguments:
java_command: org.jetbrains.kotlin.cli.jvm.K2JVMCompiler @C:\Users\ddal6\OneDrive\Desktop\TWA GRANDPRTTYPE\TWApp\app\build\20231016_18201886128868705043.compiler.options
java_class_path (initial): C:\Users\ddal6\.gradle\caches\modules-2\files-2.1\org.jetbrains.kotlin\kotlin-compiler-embeddable\1.9.0\2c8c3a7402becca891f12739b3e9fd2dc2adbd7a\kotlin-compiler-embeddable-1.9.0.jar;C:\Users\ddal6\.gradle\caches\modules-2\files-2.1\org.jetbrains.kotlin\kotlin-stdlib\1.9.0\8ee15ef0c67dc83d874f412d84378d7f0eb50b63\kotlin-stdlib-1.9.0.jar;C:\Users\ddal6\.gradle\caches\modules-2\files-2.1\org.jetbrains.kotlin\kotlin-script-runtime\1.9.0\4b3102cbbb7e1b58d9d1adf89563f00069ffa7d1\kotlin-script-runtime-1.9.0.jar;C:\Users\ddal6\.gradle\caches\modules-2\files-2.1\org.jetbrains.kotlin\kotlin-reflect\1.6.10\1cbe9c92c12a94eea200d23c2bbaedaf3daf5132\kotlin-reflect-1.6.10.jar;C:\Users\ddal6\.gradle\caches\modules-2\files-2.1\org.jetbrains.kotlin\kotlin-daemon-embeddable\1.9.0\186543f5e28cf8d9a0290fecc2cf34301c40a65c\kotlin-daemon-embeddable-1.9.0.jar;C:\Users\ddal6\.gradle\caches\modules-2\files-2.1\org.jetbrains.intellij.deps\trove4j\1.0.20200330\3afb14d5f9ceb459d724e907a21145e8ff394f02\trove4j-1.0.20200330.jar;C:\Users\ddal6\.gradle\caches\modules-2\files-2.1\org.jetbrains.kotlin\kotlin-stdlib-common\1.9.0\cd65c21cfd1eec4d44ef09f9f52b6d9f8a720636\kotlin-stdlib-common-1.9.0.jar;C:\Users\ddal6\.gradle\caches\modules-2\files-2.1\org.jetbrains\annotations\13.0\919f0dfe192fb4e063e7dacadee7f8bb9a2672a9\annotations-13.0.jar
Launcher Type: SUN_STANDARD

[Global flags]
     intx CICompilerCount                          = 4                                         {product} {ergonomic}
     uint ConcGCThreads                            = 2                                         {product} {ergonomic}
     uint G1ConcRefinementThreads                  = 8                                         {product} {ergonomic}
   size_t G1HeapRegionSize                         = 1048576                                   {product} {ergonomic}
    uintx GCDrainStackTargetSize                   = 64                                        {product} {ergonomic}
   size_t InitialHeapSize                          = 132120576                                 {product} {ergonomic}
   size_t MarkStackSize                            = 4194304                                   {product} {ergonomic}
   size_t MaxHeapSize                              = 2095054848                                {product} {ergonomic}
   size_t MaxNewSize                               = 1256194048                                {product} {ergonomic}
   size_t MinHeapDeltaBytes                        = 1048576                                   {product} {ergonomic}
   size_t MinHeapSize                              = 8388608                                   {product} {ergonomic}
    uintx NonNMethodCodeHeapSize                   = 5839372                                {pd product} {ergonomic}
    uintx NonProfiledCodeHeapSize                  = 122909434                              {pd product} {ergonomic}
    uintx ProfiledCodeHeapSize                     = 122909434                              {pd product} {ergonomic}
    uintx ReservedCodeCacheSize                    = 251658240                              {pd product} {ergonomic}
     bool SegmentedCodeCache                       = true                                      {product} {ergonomic}
   size_t SoftMaxHeapSize                          = 2095054848                             {manageable} {ergonomic}
     bool UseCompressedClassPointers               = true                           {product lp64_product} {ergonomic}
     bool UseCompressedOops                        = true                           {product lp64_product} {ergonomic}
     bool UseG1GC                                  = true                                      {product} {ergonomic}
     bool UseLargePagesIndividualAllocation        = false                                  {pd product} {ergonomic}

Logging:
Log output configuration:
 #0: stdout all=warning uptime,level,tags
 #1: stderr all=off uptime,level,tags

Environment Variables:
PATH=C:\Program Files (x86)\NVIDIA Corporation\PhysX\Common;C:\Program Files\Eclipse Adoptium\jdk-17.0.7.7-hotspot\bin;C:\Windows\System32\HWAudioDriverLibs;C:\Windows\system32;C:\Windows;C:\Windows\System32\Wbem;C:\Windows\System32\WindowsPowerShell\v1.0\;C:\Windows\System32\OpenSSH\;C:\Users\Administrator\AppData\Local\Microsoft\WindowsApps;C:\WINDOWS\system32;C:\WINDOWS;C:\WINDOWS\System32\Wbem;C:\WINDOWS\System32\WindowsPowerShell\v1.0\;C:\WINDOWS\System32\OpenSSH\;C:\Program Files\dotnet\;C:\Program Files\Git\cmd;C:\Users\ddal6\AppData\Local\Microsoft\WindowsApps;;C:\Users\ddal6\AppData\Local\Programs\Microsoft VS Code\bin
USERNAME=ddal6
OS=Windows_NT
PROCESSOR_IDENTIFIER=Intel64 Family 6 Model 140 Stepping 1, GenuineIntel
TMP=C:\Users\ddal6\AppData\Local\Temp
TEMP=C:\Users\ddal6\AppData\Local\Temp


JNI global refs:
JNI global refs: 11, weak refs: 3

JNI global refs memory usage: 843, weak refs: 841


---------------  S Y S T E M  ---------------

OS:
 Windows 11 , 64 bit Build 22621 (10.0.22621.2428)
OS uptime: 0 days 0:20 hours

CPU: total 8 (initial active 8) (4 cores per cpu, 2 threads per core) family 6 model 140 stepping 1 microcode 0x8a, cx8, cmov, fxsr, ht, mmx, 3dnowpref, sse, sse2, sse3, ssse3, sse4.1, sse4.2, popcnt, lzcnt, tsc, tscinvbit, avx, avx2, aes, erms, clmul, bmi1, bmi2, adx, avx512f, avx512dq, avx512cd, avx512bw, avx512vl, sha, fma, vzeroupper, avx512_vpopcntdq, avx512_vpclmulqdq, avx512_vaes, avx512_vnni, clflush, clflushopt, clwb, avx512_vbmi2, avx512_vbmi

Memory: 4k page, system-wide physical 7991M (370M free)
TotalPageFile size 32567M (AvailPageFile size 0M)
current process WorkingSet (physical memory assigned to process): 300M, peak: 308M
current process commit charge ("private bytes"): 340M, peak: 346M

vm_info: OpenJDK 64-Bit Server VM (17.0.6+0-b2043.56-10027231) for windows-amd64 JRE (17.0.6+0-b2043.56-10027231), built on Apr 28 2023 00:43:19 by "androidbuild" with MS VC++ 16.10 / 16.11 (VS2019)

END.
